<?xml version="1.0" encoding="UTF-8"?>
<testsuite xmlns:xsi="http://www.w3.org/2001/XMLSchema-instance" xsi:noNamespaceSchemaLocation="https://maven.apache.org/surefire/maven-surefire-plugin/xsd/surefire-test-report.xsd" name="com.jingle.product.ProductServiceControllerTest" time="3.596" tests="2" errors="0" skipped="0" failures="0">
  <properties>
[...]
</properties>
  <testcase name="getEmployee" classname="com.jingle.product.ProductServiceControllerTest" time="0.299"/>
  <testcase name="createProduct" classname="com.jingle.product.ProductServiceControllerTest" time="0.034"/>
</testsuite>