<?xml version="1.0" encoding="UTF-8"?>
<testsuite xmlns:xsi="http://www.w3.org/2001/XMLSchema-instance" xsi:noNamespaceSchemaLocation="https://maven.apache.org/surefire/maven-surefire-plugin/xsd/surefire-test-report.xsd" name="com.example.product.ProductServiceControllerTest" time="4.471" tests="2" errors="2" skipped="0" failures="0">
  <properties>
[...]
</properties>
  <testcase name="getProductsList" classname="com.example.product.ProductServiceControllerTest" time="0.217">
    <error message="Cannot invoke &quot;org.springframework.test.web.servlet.MockMvc.perform(org.springframework.test.web.servlet.RequestBuilder)&quot; because &quot;this.mvc&quot; is null" type="java.lang.NullPointerException">java.lang.NullPointerException: Cannot invoke "org.springframework.test.web.servlet.MockMvc.perform(org.springframework.test.web.servlet.RequestBuilder)" because "this.mvc" is null
	at com.example.product.ProductServiceControllerTest.getProductsList(ProductServiceControllerTest.java:25)
</error>
    <system-out><![CDATA[23:13:34.062 [main] DEBUG org.springframework.test.context.BootstrapUtils - Instantiating CacheAwareContextLoaderDelegate from class [org.springframework.test.context.cache.DefaultCacheAwareContextLoaderDelegate]
23:13:34.069 [main] DEBUG org.springframework.test.context.BootstrapUtils - Instantiating BootstrapContext using constructor [public org.springframework.test.context.support.DefaultBootstrapContext(java.lang.Class,org.springframework.test.context.CacheAwareContextLoaderDelegate)]
23:13:34.096 [main] DEBUG org.springframework.test.context.BootstrapUtils - Instantiating TestContextBootstrapper for test class [com.example.product.ProductServiceControllerTest] from class [org.springframework.boot.test.context.SpringBootTestContextBootstrapper]
23:13:34.103 [main] INFO org.springframework.boot.test.context.SpringBootTestContextBootstrapper - Neither @ContextConfiguration nor @ContextHierarchy found for test class [com.example.product.ProductServiceControllerTest], using SpringBootContextLoader
23:13:34.105 [main] DEBUG org.springframework.test.context.support.AbstractContextLoader - Did not detect default resource location for test class [com.example.product.ProductServiceControllerTest]: class path resource [com/example/product/ProductServiceControllerTest-context.xml] does not exist
23:13:34.105 [main] DEBUG org.springframework.test.context.support.AbstractContextLoader - Did not detect default resource location for test class [com.example.product.ProductServiceControllerTest]: class path resource [com/example/product/ProductServiceControllerTestContext.groovy] does not exist
23:13:34.105 [main] INFO org.springframework.test.context.support.AbstractContextLoader - Could not detect default resource locations for test class [com.example.product.ProductServiceControllerTest]: no resource found for suffixes {-context.xml, Context.groovy}.
23:13:34.143 [main] DEBUG org.springframework.test.context.support.ActiveProfilesUtils - Could not find an 'annotation declaring class' for annotation type [org.springframework.test.context.ActiveProfiles] and class [com.example.product.ProductServiceControllerTest]
23:13:34.240 [main] DEBUG org.springframework.boot.test.context.SpringBootTestContextBootstrapper - @TestExecutionListeners is not present for class [com.example.product.ProductServiceControllerTest]: using defaults.
23:13:34.240 [main] INFO org.springframework.boot.test.context.SpringBootTestContextBootstrapper - Loaded default TestExecutionListener class names from location [META-INF/spring.factories]: [org.springframework.boot.test.mock.mockito.MockitoTestExecutionListener, org.springframework.boot.test.mock.mockito.ResetMocksTestExecutionListener, org.springframework.boot.test.autoconfigure.restdocs.RestDocsTestExecutionListener, org.springframework.boot.test.autoconfigure.web.client.MockRestServiceServerResetTestExecutionListener, org.springframework.boot.test.autoconfigure.web.servlet.MockMvcPrintOnlyOnFailureTestExecutionListener, org.springframework.boot.test.autoconfigure.web.servlet.WebDriverTestExecutionListener, org.springframework.boot.test.autoconfigure.webservices.client.MockWebServiceServerTestExecutionListener, org.springframework.test.context.web.ServletTestExecutionListener, org.springframework.test.context.support.DirtiesContextBeforeModesTestExecutionListener, org.springframework.test.context.event.ApplicationEventsTestExecutionListener, org.springframework.test.context.support.DependencyInjectionTestExecutionListener, org.springframework.test.context.support.DirtiesContextTestExecutionListener, org.springframework.test.context.transaction.TransactionalTestExecutionListener, org.springframework.test.context.jdbc.SqlScriptsTestExecutionListener, org.springframework.test.context.event.EventPublishingTestExecutionListener]
23:13:34.258 [main] INFO org.springframework.boot.test.context.SpringBootTestContextBootstrapper - Using TestExecutionListeners: [org.springframework.test.context.web.ServletTestExecutionListener@5cdd09b1, org.springframework.test.context.support.DirtiesContextBeforeModesTestExecutionListener@8c11eee, org.springframework.test.context.event.ApplicationEventsTestExecutionListener@7e8dcdaa, org.springframework.boot.test.mock.mockito.MockitoTestExecutionListener@681a8b4e, org.springframework.boot.test.autoconfigure.SpringBootDependencyInjectionTestExecutionListener@5cbe877d, org.springframework.test.context.support.DirtiesContextTestExecutionListener@5c08c46a, org.springframework.test.context.transaction.TransactionalTestExecutionListener@4cf8b2dc, org.springframework.test.context.jdbc.SqlScriptsTestExecutionListener@708400f6, org.springframework.test.context.event.EventPublishingTestExecutionListener@5829e4f4, org.springframework.boot.test.mock.mockito.ResetMocksTestExecutionListener@4218500f, org.springframework.boot.test.autoconfigure.restdocs.RestDocsTestExecutionListener@4bff64c2, org.springframework.boot.test.autoconfigure.web.client.MockRestServiceServerResetTestExecutionListener@1b2c4efb, org.springframework.boot.test.autoconfigure.web.servlet.MockMvcPrintOnlyOnFailureTestExecutionListener@c35172e, org.springframework.boot.test.autoconfigure.web.servlet.WebDriverTestExecutionListener@c2db68f, org.springframework.boot.test.autoconfigure.webservices.client.MockWebServiceServerTestExecutionListener@3cc41abc]
23:13:34.261 [main] DEBUG org.springframework.test.context.support.AbstractDirtiesContextTestExecutionListener - Before test class: context [DefaultTestContext@7e276594 testClass = ProductServiceControllerTest, testInstance = [null], testMethod = [null], testException = [null], mergedContextConfiguration = [WebMergedContextConfiguration@3401a114 testClass = ProductServiceControllerTest, locations = '{}', classes = '{class com.jingle.ECommerceApplication}', contextInitializerClasses = '[]', activeProfiles = '{}', propertySourceLocations = '{}', propertySourceProperties = '{org.springframework.boot.test.context.SpringBootTestContextBootstrapper=true}', contextCustomizers = set[org.springframework.boot.test.context.filter.ExcludeFilterContextCustomizer@55c53a33, org.springframework.boot.test.json.DuplicateJsonObjectContextCustomizerFactory$DuplicateJsonObjectContextCustomizer@4a3631f8, org.springframework.boot.test.mock.mockito.MockitoContextCustomizer@0, org.springframework.boot.test.web.client.TestRestTemplateContextCustomizer@59d4cd39, org.springframework.boot.test.autoconfigure.actuate.metrics.MetricsExportContextCustomizerFactory$DisableMetricExportContextCustomizer@6d7fc27, org.springframework.boot.test.autoconfigure.properties.PropertyMappingContextCustomizer@0, org.springframework.boot.test.autoconfigure.web.servlet.WebDriverContextCustomizerFactory$Customizer@67b9b51a, org.springframework.test.context.web.socket.MockServerContainerContextCustomizer@55cf0d14, org.springframework.boot.test.context.SpringBootTestArgs@1, org.springframework.boot.test.context.SpringBootTestWebEnvironment@4567f35d], resourceBasePath = 'src/main/webapp', contextLoader = 'org.springframework.boot.test.context.SpringBootContextLoader', parent = [null]], attributes = map['org.springframework.test.context.web.ServletTestExecutionListener.activateListener' -> true]], class annotated with @DirtiesContext [false] with mode [null].

  .   ____          _            __ _ _
 /\\ / ___'_ __ _ _(_)_ __  __ _ \ \ \ \
( ( )\___ | '_ | '_| | '_ \/ _` | \ \ \ \
 \\/  ___)| |_)| | | | | || (_| |  ) ) ) )
  '  |____| .__|_| |_|_| |_\__, | / / / /
 =========|_|==============|___/=/_/_/_/
 :: Spring Boot ::                (v2.7.3)

[11-28-2022T23:13:35.035Z] [org.springframework.data.repository.config.RepositoryConfigurationDelegate] [main] [132] [INFO ] Bootstrapping Spring Data JPA repositories in DEFAULT mode.
[11-28-2022T23:13:35.035Z] [org.springframework.data.repository.config.RepositoryConfigurationDelegate] [main] [201] [INFO ] Finished Spring Data repository scanning in 55 ms. Found 1 JPA repository interfaces.
[11-28-2022T23:13:36.036Z] [org.hibernate.jpa.internal.util.LogHelper] [main] [31] [INFO ] HHH000204: Processing PersistenceUnitInfo [name: default]
[11-28-2022T23:13:36.036Z] [org.hibernate.Version] [main] [44] [INFO ] HHH000412: Hibernate ORM core version 5.6.10.Final
[11-28-2022T23:13:36.036Z] [org.hibernate.annotations.common.reflection.java.JavaReflectionManager] [main] [56] [INFO ] HCANN000001: Hibernate Commons Annotations {5.1.2.Final}
[11-28-2022T23:13:36.036Z] [com.zaxxer.hikari.HikariDataSource] [main] [110] [INFO ] HikariPool-1 - Starting...
[11-28-2022T23:13:36.036Z] [com.zaxxer.hikari.HikariDataSource] [main] [123] [INFO ] HikariPool-1 - Start completed.
[11-28-2022T23:13:36.036Z] [org.hibernate.dialect.Dialect] [main] [175] [INFO ] HHH000400: Using dialect: org.hibernate.dialect.MySQLDialect
[11-28-2022T23:13:37.037Z] [org.hibernate.engine.transaction.jta.platform.internal.JtaPlatformInitiator] [main] [52] [INFO ] HHH000490: Using JtaPlatform implementation: [org.hibernate.engine.transaction.jta.platform.internal.NoJtaPlatform]
[11-28-2022T23:13:37.037Z] [org.springframework.orm.jpa.AbstractEntityManagerFactoryBean] [main] [437] [INFO ] Initialized JPA EntityManagerFactory for persistence unit 'default'
[11-28-2022T23:13:37.037Z] [org.springframework.boot.autoconfigure.orm.jpa.JpaBaseConfiguration$JpaWebConfiguration] [main] [219] [WARN ] spring.jpa.open-in-view is enabled by default. Therefore, database queries may be performed during view rendering. Explicitly configure spring.jpa.open-in-view to disable this warning
hello world1669698818216
]]></system-out>
  </testcase>
  <testcase name="createProduct" classname="com.example.product.ProductServiceControllerTest" time="0.027">
    <error message="Cannot invoke &quot;org.springframework.test.web.servlet.MockMvc.perform(org.springframework.test.web.servlet.RequestBuilder)&quot; because &quot;this.mvc&quot; is null" type="java.lang.NullPointerException">java.lang.NullPointerException: Cannot invoke "org.springframework.test.web.servlet.MockMvc.perform(org.springframework.test.web.servlet.RequestBuilder)" because "this.mvc" is null
	at com.example.product.ProductServiceControllerTest.createProduct(ProductServiceControllerTest.java:41)
</error>
  </testcase>
</testsuite>